app/build/intermediates/manifest_merge_blame_file/debug/processDebugMainManifest/manifest-merger-blame-debug-report.txt
1<?xml version="1.0" encoding="utf-8"?>
2<manifest xmlns:android="http://schemas.android.com/apk/res/android"
3    package="com.francielicampos.sohoje"
4    android:versionCode="1"
5    android:versionName="1.0" >
6
7    <uses-sdk
8        android:minSdkVersion="26"
9        android:targetSdkVersion="36" />
10
11    <uses-permission android:name="android.permission.INTERNET" />
11-->src\main\AndroidManifest.xml:4:5-67
11-->src\main\AndroidManifest.xml:4:22-64
12    <uses-permission android:name="android.permission.ACCESS_NETWORK_STATE" />
12-->src\main\AndroidManifest.xml:5:5-79
12-->src\main\AndroidManifest.xml:5:22-76
13
14    <queries>
14-->src\main\AndroidManifest.xml:7:5-12:15
15        <intent>
15-->src\main\AndroidManifest.xml:8:9-11:18
16            <action android:name="android.intent.action.VIEW" />
16-->src\main\AndroidManifest.xml:9:13-65
16-->src\main\AndroidManifest.xml:9:21-62
17
18            <data android:scheme="geo" />
18-->src\main\AndroidManifest.xml:10:13-42
18-->src\main\AndroidManifest.xml:10:19-39
19        </intent>
20        <!-- For browser content -->
21        <intent>
21-->[com.google.android.gms:play-services-ads-lite:23.3.0] AndroidManifest.xml:38:9-44:18
22            <action android:name="android.intent.action.VIEW" />
22-->src\main\AndroidManifest.xml:9:13-65
22-->src\main\AndroidManifest.xml:9:21-62
23
24            <category android:name="android.intent.category.BROWSABLE" />
24-->[com.google.android.gms:play-services-ads-lite:23.3.0] AndroidManifest.xml:41:13-74
24-->[com.google.android.gms:play-services-ads-lite:23.3.0] AndroidManifest.xml:41:23-71
25
26            <data android:scheme="https" />
26-->src\main\AndroidManifest.xml:10:13-42
26-->src\main\AndroidManifest.xml:10:19-39
27        </intent> <!-- End of browser content -->
28        <!-- For CustomTabsService -->
29        <intent>
29-->[com.google.android.gms:play-services-ads-lite:23.3.0] AndroidManifest.xml:47:9-49:18
30            <action android:name="android.support.customtabs.action.CustomTabsService" />
30-->[com.google.android.gms:play-services-ads-lite:23.3.0] AndroidManifest.xml:48:13-90
30-->[com.google.android.gms:play-services-ads-lite:23.3.0] AndroidManifest.xml:48:21-87
31        </intent>
32    </queries>
33
34    <uses-permission android:name="com.google.android.gms.permission.AD_ID" />
34-->[com.google.android.gms:play-services-ads-lite:23.3.0] AndroidManifest.xml:26:5-79
34-->[com.google.android.gms:play-services-ads-lite:23.3.0] AndroidManifest.xml:26:22-76
35    <uses-permission android:name="android.permission.ACCESS_ADSERVICES_AD_ID" />
35-->[com.google.android.gms:play-services-ads-lite:23.3.0] AndroidManifest.xml:27:5-82
35-->[com.google.android.gms:play-services-ads-lite:23.3.0] AndroidManifest.xml:27:22-79
36    <uses-permission android:name="android.permission.ACCESS_ADSERVICES_ATTRIBUTION" />
36-->[com.google.android.gms:play-services-ads-lite:23.3.0] AndroidManifest.xml:28:5-88
36-->[com.google.android.gms:play-services-ads-lite:23.3.0] AndroidManifest.xml:28:22-85
37    <uses-permission android:name="android.permission.ACCESS_ADSERVICES_TOPICS" />
37-->[com.google.android.gms:play-services-ads-lite:23.3.0] AndroidManifest.xml:29:5-83
37-->[com.google.android.gms:play-services-ads-lite:23.3.0] AndroidManifest.xml:29:22-80
38    <uses-permission android:name="android.permission.WAKE_LOCK" />
38-->[com.google.android.gms:play-services-measurement-sdk-api:20.1.2] AndroidManifest.xml:25:5-68
38-->[com.google.android.gms:play-services-measurement-sdk-api:20.1.2] AndroidManifest.xml:25:22-65
39    <uses-permission android:name="android.permission.FOREGROUND_SERVICE" />
39-->[androidx.work:work-runtime:2.7.0] AndroidManifest.xml:28:5-77
39-->[androidx.work:work-runtime:2.7.0] AndroidManifest.xml:28:22-74
40
41    <permission
41-->[androidx.core:core:1.13.1] AndroidManifest.xml:22:5-24:47
42        android:name="com.francielicampos.sohoje.DYNAMIC_RECEIVER_NOT_EXPORTED_PERMISSION"
42-->[androidx.core:core:1.13.1] AndroidManifest.xml:23:9-81
43        android:protectionLevel="signature" />
43-->[androidx.core:core:1.13.1] AndroidManifest.xml:24:9-44
44
45    <uses-permission android:name="com.francielicampos.sohoje.DYNAMIC_RECEIVER_NOT_EXPORTED_PERMISSION" />
45-->[androidx.core:core:1.13.1] AndroidManifest.xml:26:5-97
45-->[androidx.core:core:1.13.1] AndroidManifest.xml:26:22-94
46
47    <application
47-->src\main\AndroidManifest.xml:14:5-38:19
48        android:allowBackup="true"
48-->src\main\AndroidManifest.xml:15:9-35
49        android:appComponentFactory="androidx.core.app.CoreComponentFactory"
49-->[androidx.core:core:1.13.1] AndroidManifest.xml:28:18-86
50        android:debuggable="true"
51        android:extractNativeLibs="false"
52        android:icon="@mipmap/ic_launcher"
52-->src\main\AndroidManifest.xml:16:9-43
53        android:label="@string/app_name"
53-->src\main\AndroidManifest.xml:18:9-41
54        android:roundIcon="@mipmap/ic_launcher_round"
54-->src\main\AndroidManifest.xml:17:9-54
55        android:supportsRtl="true"
55-->src\main\AndroidManifest.xml:20:9-35
56        android:testOnly="true"
57        android:theme="@style/Theme.SoPorHoje" >
57-->src\main\AndroidManifest.xml:19:9-47
58
59        <!--
60             ID de TESTE oficial do Google AdMob. Trocar pelo App ID real da sua conta
61             AdMob antes de publicar (Google > Console AdMob > seu app > configurações).
62        -->
63        <meta-data
63-->src\main\AndroidManifest.xml:24:9-26:70
64            android:name="com.google.android.gms.ads.APPLICATION_ID"
64-->src\main\AndroidManifest.xml:25:13-69
65            android:value="ca-app-pub-3940256099942544~3347511713" />
65-->src\main\AndroidManifest.xml:26:13-67
66
67        <activity
67-->src\main\AndroidManifest.xml:28:9-36:20
68            android:name="com.francielicampos.sohoje.MainActivity"
68-->src\main\AndroidManifest.xml:29:13-41
69            android:exported="true"
69-->src\main\AndroidManifest.xml:30:13-36
70            android:theme="@style/Theme.SoPorHoje" >
70-->src\main\AndroidManifest.xml:31:13-51
71            <intent-filter>
71-->src\main\AndroidManifest.xml:32:13-35:29
72                <action android:name="android.intent.action.MAIN" />
72-->src\main\AndroidManifest.xml:33:17-69
72-->src\main\AndroidManifest.xml:33:25-66
73
74                <category android:name="android.intent.category.LAUNCHER" />
74-->src\main\AndroidManifest.xml:34:17-77
74-->src\main\AndroidManifest.xml:34:27-74
75            </intent-filter>
76        </activity>
77
78        <!-- Include the AdActivity and InAppPurchaseActivity configChanges and themes. -->
79        <activity
79-->[com.google.android.gms:play-services-ads-lite:23.3.0] AndroidManifest.xml:56:9-61:43
80            android:name="com.google.android.gms.ads.AdActivity"
80-->[com.google.android.gms:play-services-ads-lite:23.3.0] AndroidManifest.xml:57:13-65
81            android:configChanges="keyboard|keyboardHidden|orientation|screenLayout|uiMode|screenSize|smallestScreenSize"
81-->[com.google.android.gms:play-services-ads-lite:23.3.0] AndroidManifest.xml:58:13-122
82            android:exported="false"
82-->[com.google.android.gms:play-services-ads-lite:23.3.0] AndroidManifest.xml:59:13-37
83            android:theme="@android:style/Theme.Translucent" />
83-->[com.google.android.gms:play-services-ads-lite:23.3.0] AndroidManifest.xml:60:13-61
84
85        <provider
85-->[com.google.android.gms:play-services-ads-lite:23.3.0] AndroidManifest.xml:63:9-68:43
86            android:name="com.google.android.gms.ads.MobileAdsInitProvider"
86-->[com.google.android.gms:play-services-ads-lite:23.3.0] AndroidManifest.xml:64:13-76
87            android:authorities="com.francielicampos.sohoje.mobileadsinitprovider"
87-->[com.google.android.gms:play-services-ads-lite:23.3.0] AndroidManifest.xml:65:13-73
88            android:exported="false"
88-->[com.google.android.gms:play-services-ads-lite:23.3.0] AndroidManifest.xml:66:13-37
89            android:initOrder="100" />
89-->[com.google.android.gms:play-services-ads-lite:23.3.0] AndroidManifest.xml:67:13-36
90
91        <service
91-->[com.google.android.gms:play-services-ads-lite:23.3.0] AndroidManifest.xml:70:9-74:43
92            android:name="com.google.android.gms.ads.AdService"
92-->[com.google.android.gms:play-services-ads-lite:23.3.0] AndroidManifest.xml:71:13-64
93            android:enabled="true"
93-->[com.google.android.gms:play-services-ads-lite:23.3.0] AndroidManifest.xml:72:13-35
94            android:exported="false" />
94-->[com.google.android.gms:play-services-ads-lite:23.3.0] AndroidManifest.xml:73:13-37
95
96        <activity
96-->[com.google.android.gms:play-services-ads-lite:23.3.0] AndroidManifest.xml:76:9-80:43
97            android:name="com.google.android.gms.ads.OutOfContextTestingActivity"
97-->[com.google.android.gms:play-services-ads-lite:23.3.0] AndroidManifest.xml:77:13-82
98            android:configChanges="keyboard|keyboardHidden|orientation|screenLayout|uiMode|screenSize|smallestScreenSize"
98-->[com.google.android.gms:play-services-ads-lite:23.3.0] AndroidManifest.xml:78:13-122
99            android:exported="false" />
99-->[com.google.android.gms:play-services-ads-lite:23.3.0] AndroidManifest.xml:79:13-37
100        <activity
100-->[com.google.android.gms:play-services-ads-lite:23.3.0] AndroidManifest.xml:81:9-88:43
101            android:name="com.google.android.gms.ads.NotificationHandlerActivity"
101-->[com.google.android.gms:play-services-ads-lite:23.3.0] AndroidManifest.xml:82:13-82
102            android:excludeFromRecents="true"
102-->[com.google.android.gms:play-services-ads-lite:23.3.0] AndroidManifest.xml:83:13-46
103            android:exported="false"
103-->[com.google.android.gms:play-services-ads-lite:23.3.0] AndroidManifest.xml:84:13-37
104            android:launchMode="singleTask"
104-->[com.google.android.gms:play-services-ads-lite:23.3.0] AndroidManifest.xml:85:13-44
105            android:taskAffinity=""
105-->[com.google.android.gms:play-services-ads-lite:23.3.0] AndroidManifest.xml:86:13-36
106            android:theme="@android:style/Theme.Translucent.NoTitleBar" />
106-->[com.google.android.gms:play-services-ads-lite:23.3.0] AndroidManifest.xml:87:13-72
107
108        <property
108-->[com.google.android.gms:play-services-ads-lite:23.3.0] AndroidManifest.xml:90:9-92:62
109            android:name="android.adservices.AD_SERVICES_CONFIG"
109-->[com.google.android.gms:play-services-ads-lite:23.3.0] AndroidManifest.xml:91:13-65
110            android:resource="@xml/gma_ad_services_config" />
110-->[com.google.android.gms:play-services-ads-lite:23.3.0] AndroidManifest.xml:92:13-59
111
112        <activity
112-->[com.google.android.gms:play-services-base:18.0.0] AndroidManifest.xml:20:9-22:45
113            android:name="com.google.android.gms.common.api.GoogleApiActivity"
113-->[com.google.android.gms:play-services-base:18.0.0] AndroidManifest.xml:20:19-85
114            android:exported="false"
114-->[com.google.android.gms:play-services-base:18.0.0] AndroidManifest.xml:22:19-43
115            android:theme="@android:style/Theme.Translucent.NoTitleBar" />
115-->[com.google.android.gms:play-services-base:18.0.0] AndroidManifest.xml:21:19-78
116
117        <meta-data
117-->[com.google.android.gms:play-services-basement:18.4.0] AndroidManifest.xml:6:9-122
118            android:name="com.google.android.gms.version"
118-->[com.google.android.gms:play-services-basement:18.4.0] AndroidManifest.xml:6:20-65
119            android:value="@integer/google_play_services_version" />
119-->[com.google.android.gms:play-services-basement:18.4.0] AndroidManifest.xml:6:66-119
120
121        <activity
121-->[androidx.compose.ui:ui-tooling-android:1.6.8] AndroidManifest.xml:23:9-25:39
122            android:name="androidx.compose.ui.tooling.PreviewActivity"
122-->[androidx.compose.ui:ui-tooling-android:1.6.8] AndroidManifest.xml:24:13-71
123            android:exported="true" />
123-->[androidx.compose.ui:ui-tooling-android:1.6.8] AndroidManifest.xml:25:13-36
124
125        <provider
125-->[androidx.work:work-runtime:2.7.0] AndroidManifest.xml:31:9-39:20
126            android:name="androidx.startup.InitializationProvider"
126-->[androidx.work:work-runtime:2.7.0] AndroidManifest.xml:32:13-67
127            android:authorities="com.francielicampos.sohoje.androidx-startup"
127-->[androidx.work:work-runtime:2.7.0] AndroidManifest.xml:33:13-68
128            android:exported="false" >
128-->[androidx.work:work-runtime:2.7.0] AndroidManifest.xml:34:13-37
129            <meta-data
129-->[androidx.work:work-runtime:2.7.0] AndroidManifest.xml:36:13-38:52
130                android:name="androidx.work.WorkManagerInitializer"
130-->[androidx.work:work-runtime:2.7.0] AndroidManifest.xml:37:17-68
131                android:value="androidx.startup" />
131-->[androidx.work:work-runtime:2.7.0] AndroidManifest.xml:38:17-49
132            <meta-data
132-->[androidx.emoji2:emoji2:1.3.0] AndroidManifest.xml:29:13-31:52
133                android:name="androidx.emoji2.text.EmojiCompatInitializer"
133-->[androidx.emoji2:emoji2:1.3.0] AndroidManifest.xml:30:17-75
134                android:value="androidx.startup" />
134-->[androidx.emoji2:emoji2:1.3.0] AndroidManifest.xml:31:17-49
135            <meta-data
135-->[androidx.lifecycle:lifecycle-process:2.8.4] AndroidManifest.xml:29:13-31:52
136                android:name="androidx.lifecycle.ProcessLifecycleInitializer"
136-->[androidx.lifecycle:lifecycle-process:2.8.4] AndroidManifest.xml:30:17-78
137                android:value="androidx.startup" />
137-->[androidx.lifecycle:lifecycle-process:2.8.4] AndroidManifest.xml:31:17-49
138            <meta-data
138-->[androidx.profileinstaller:profileinstaller:1.3.1] AndroidManifest.xml:29:13-31:52
139                android:name="androidx.profileinstaller.ProfileInstallerInitializer"
139-->[androidx.profileinstaller:profileinstaller:1.3.1] AndroidManifest.xml:30:17-85
140                android:value="androidx.startup" />
140-->[androidx.profileinstaller:profileinstaller:1.3.1] AndroidManifest.xml:31:17-49
141        </provider>
142
143        <service
143-->[androidx.work:work-runtime:2.7.0] AndroidManifest.xml:41:9-46:35
144            android:name="androidx.work.impl.background.systemalarm.SystemAlarmService"
144-->[androidx.work:work-runtime:2.7.0] AndroidManifest.xml:42:13-88
145            android:directBootAware="false"
145-->[androidx.work:work-runtime:2.7.0] AndroidManifest.xml:43:13-44
146            android:enabled="@bool/enable_system_alarm_service_default"
146-->[androidx.work:work-runtime:2.7.0] AndroidManifest.xml:44:13-72
147            android:exported="false" />
147-->[androidx.work:work-runtime:2.7.0] AndroidManifest.xml:45:13-37
148        <service
148-->[androidx.work:work-runtime:2.7.0] AndroidManifest.xml:47:9-53:35
149            android:name="androidx.work.impl.background.systemjob.SystemJobService"
149-->[androidx.work:work-runtime:2.7.0] AndroidManifest.xml:48:13-84
150            android:directBootAware="false"
150-->[androidx.work:work-runtime:2.7.0] AndroidManifest.xml:49:13-44
151            android:enabled="@bool/enable_system_job_service_default"
151-->[androidx.work:work-runtime:2.7.0] AndroidManifest.xml:50:13-70
152            android:exported="true"
152-->[androidx.work:work-runtime:2.7.0] AndroidManifest.xml:51:13-36
153            android:permission="android.permission.BIND_JOB_SERVICE" />
153-->[androidx.work:work-runtime:2.7.0] AndroidManifest.xml:52:13-69
154        <service
154-->[androidx.work:work-runtime:2.7.0] AndroidManifest.xml:54:9-59:35
155            android:name="androidx.work.impl.foreground.SystemForegroundService"
155-->[androidx.work:work-runtime:2.7.0] AndroidManifest.xml:55:13-81
156            android:directBootAware="false"
156-->[androidx.work:work-runtime:2.7.0] AndroidManifest.xml:56:13-44
157            android:enabled="@bool/enable_system_foreground_service_default"
157-->[androidx.work:work-runtime:2.7.0] AndroidManifest.xml:57:13-77
158            android:exported="false" />
158-->[androidx.work:work-runtime:2.7.0] AndroidManifest.xml:58:13-37
159
160        <receiver
160-->[androidx.work:work-runtime:2.7.0] AndroidManifest.xml:61:9-66:35
161            android:name="androidx.work.impl.utils.ForceStopRunnable$BroadcastReceiver"
161-->[androidx.work:work-runtime:2.7.0] AndroidManifest.xml:62:13-88
162            android:directBootAware="false"
162-->[androidx.work:work-runtime:2.7.0] AndroidManifest.xml:63:13-44
163            android:enabled="true"
163-->[androidx.work:work-runtime:2.7.0] AndroidManifest.xml:64:13-35
164            android:exported="false" />
164-->[androidx.work:work-runtime:2.7.0] AndroidManifest.xml:65:13-37
165        <receiver
165-->[androidx.work:work-runtime:2.7.0] AndroidManifest.xml:67:9-77:20
166            android:name="androidx.work.impl.background.systemalarm.ConstraintProxy$BatteryChargingProxy"
166-->[androidx.work:work-runtime:2.7.0] AndroidManifest.xml:68:13-106
167            android:directBootAware="false"
167-->[androidx.work:work-runtime:2.7.0] AndroidManifest.xml:69:13-44
168            android:enabled="false"
168-->[androidx.work:work-runtime:2.7.0] AndroidManifest.xml:70:13-36
169            android:exported="false" >
169-->[androidx.work:work-runtime:2.7.0] AndroidManifest.xml:71:13-37
170            <intent-filter>
170-->[androidx.work:work-runtime:2.7.0] AndroidManifest.xml:73:13-76:29
171                <action android:name="android.intent.action.ACTION_POWER_CONNECTED" />
171-->[androidx.work:work-runtime:2.7.0] AndroidManifest.xml:74:17-87
171-->[androidx.work:work-runtime:2.7.0] AndroidManifest.xml:74:25-84
172                <action android:name="android.intent.action.ACTION_POWER_DISCONNECTED" />
172-->[androidx.work:work-runtime:2.7.0] AndroidManifest.xml:75:17-90
172-->[androidx.work:work-runtime:2.7.0] AndroidManifest.xml:75:25-87
173            </intent-filter>
174        </receiver>
175        <receiver
175-->[androidx.work:work-runtime:2.7.0] AndroidManifest.xml:78:9-88:20
176            android:name="androidx.work.impl.background.systemalarm.ConstraintProxy$BatteryNotLowProxy"
176-->[androidx.work:work-runtime:2.7.0] AndroidManifest.xml:79:13-104
177            android:directBootAware="false"
177-->[androidx.work:work-runtime:2.7.0] AndroidManifest.xml:80:13-44
178            android:enabled="false"
178-->[androidx.work:work-runtime:2.7.0] AndroidManifest.xml:81:13-36
179            android:exported="false" >
179-->[androidx.work:work-runtime:2.7.0] AndroidManifest.xml:82:13-37
180            <intent-filter>
180-->[androidx.work:work-runtime:2.7.0] AndroidManifest.xml:84:13-87:29
181                <action android:name="android.intent.action.BATTERY_OKAY" />
181-->[androidx.work:work-runtime:2.7.0] AndroidManifest.xml:85:17-77
181-->[androidx.work:work-runtime:2.7.0] AndroidManifest.xml:85:25-74
182                <action android:name="android.intent.action.BATTERY_LOW" />
182-->[androidx.work:work-runtime:2.7.0] AndroidManifest.xml:86:17-76
182-->[androidx.work:work-runtime:2.7.0] AndroidManifest.xml:86:25-73
183            </intent-filter>
184        </receiver>
185        <receiver
185-->[androidx.work:work-runtime:2.7.0] AndroidManifest.xml:89:9-99:20
186            android:name="androidx.work.impl.background.systemalarm.ConstraintProxy$StorageNotLowProxy"
186-->[androidx.work:work-runtime:2.7.0] AndroidManifest.xml:90:13-104
187            android:directBootAware="false"
187-->[androidx.work:work-runtime:2.7.0] AndroidManifest.xml:91:13-44
188            android:enabled="false"
188-->[androidx.work:work-runtime:2.7.0] AndroidManifest.xml:92:13-36
189            android:exported="false" >
189-->[androidx.work:work-runtime:2.7.0] AndroidManifest.xml:93:13-37
190            <intent-filter>
190-->[androidx.work:work-runtime:2.7.0] AndroidManifest.xml:95:13-98:29
191                <action android:name="android.intent.action.DEVICE_STORAGE_LOW" />
191-->[androidx.work:work-runtime:2.7.0] AndroidManifest.xml:96:17-83
191-->[androidx.work:work-runtime:2.7.0] AndroidManifest.xml:96:25-80
192                <action android:name="android.intent.action.DEVICE_STORAGE_OK" />
192-->[androidx.work:work-runtime:2.7.0] AndroidManifest.xml:97:17-82
192-->[androidx.work:work-runtime:2.7.0] AndroidManifest.xml:97:25-79
193            </intent-filter>
194        </receiver>
195        <receiver
195-->[androidx.work:work-runtime:2.7.0] AndroidManifest.xml:100:9-109:20
196            android:name="androidx.work.impl.background.systemalarm.ConstraintProxy$NetworkStateProxy"
196-->[androidx.work:work-runtime:2.7.0] AndroidManifest.xml:101:13-103
197            android:directBootAware="false"
197-->[androidx.work:work-runtime:2.7.0] AndroidManifest.xml:102:13-44
198            android:enabled="false"
198-->[androidx.work:work-runtime:2.7.0] AndroidManifest.xml:103:13-36
199            android:exported="false" >
199-->[androidx.work:work-runtime:2.7.0] AndroidManifest.xml:104:13-37
200            <intent-filter>
200-->[androidx.work:work-runtime:2.7.0] AndroidManifest.xml:106:13-108:29
201                <action android:name="android.net.conn.CONNECTIVITY_CHANGE" />
201-->[androidx.work:work-runtime:2.7.0] AndroidManifest.xml:107:17-79
201-->[androidx.work:work-runtime:2.7.0] AndroidManifest.xml:107:25-76
202            </intent-filter>
203        </receiver>
204        <receiver
204-->[androidx.work:work-runtime:2.7.0] AndroidManifest.xml:110:9-121:20
205            android:name="androidx.work.impl.background.systemalarm.RescheduleReceiver"
205-->[androidx.work:work-runtime:2.7.0] AndroidManifest.xml:111:13-88
206            android:directBootAware="false"
206-->[androidx.work:work-runtime:2.7.0] AndroidManifest.xml:112:13-44
207            android:enabled="false"
207-->[androidx.work:work-runtime:2.7.0] AndroidManifest.xml:113:13-36
208            android:exported="false" >
208-->[androidx.work:work-runtime:2.7.0] AndroidManifest.xml:114:13-37
209            <intent-filter>
209-->[androidx.work:work-runtime:2.7.0] AndroidManifest.xml:116:13-120:29
210                <action android:name="android.intent.action.BOOT_COMPLETED" />
210-->[androidx.work:work-runtime:2.7.0] AndroidManifest.xml:117:17-79
210-->[androidx.work:work-runtime:2.7.0] AndroidManifest.xml:117:25-76
211                <action android:name="android.intent.action.TIME_SET" />
211-->[androidx.work:work-runtime:2.7.0] AndroidManifest.xml:118:17-73
211-->[androidx.work:work-runtime:2.7.0] AndroidManifest.xml:118:25-70
212                <action android:name="android.intent.action.TIMEZONE_CHANGED" />
212-->[androidx.work:work-runtime:2.7.0] AndroidManifest.xml:119:17-81
212-->[androidx.work:work-runtime:2.7.0] AndroidManifest.xml:119:25-78
213            </intent-filter>
214        </receiver>
215        <receiver
215-->[androidx.work:work-runtime:2.7.0] AndroidManifest.xml:122:9-131:20
216            android:name="androidx.work.impl.background.systemalarm.ConstraintProxyUpdateReceiver"
216-->[androidx.work:work-runtime:2.7.0] AndroidManifest.xml:123:13-99
217            android:directBootAware="false"
217-->[androidx.work:work-runtime:2.7.0] AndroidManifest.xml:124:13-44
218            android:enabled="@bool/enable_system_alarm_service_default"
218-->[androidx.work:work-runtime:2.7.0] AndroidManifest.xml:125:13-72
219            android:exported="false" >
219-->[androidx.work:work-runtime:2.7.0] AndroidManifest.xml:126:13-37
220            <intent-filter>
220-->[androidx.work:work-runtime:2.7.0] AndroidManifest.xml:128:13-130:29
221                <action android:name="androidx.work.impl.background.systemalarm.UpdateProxies" />
221-->[androidx.work:work-runtime:2.7.0] AndroidManifest.xml:129:17-98
221-->[androidx.work:work-runtime:2.7.0] AndroidManifest.xml:129:25-95
222            </intent-filter>
223        </receiver>
224        <receiver
224-->[androidx.work:work-runtime:2.7.0] AndroidManifest.xml:132:9-142:20
225            android:name="androidx.work.impl.diagnostics.DiagnosticsReceiver"
225-->[androidx.work:work-runtime:2.7.0] AndroidManifest.xml:133:13-78
226            android:directBootAware="false"
226-->[androidx.work:work-runtime:2.7.0] AndroidManifest.xml:134:13-44
227            android:enabled="true"
227-->[androidx.work:work-runtime:2.7.0] AndroidManifest.xml:135:13-35
228            android:exported="true"
228-->[androidx.work:work-runtime:2.7.0] AndroidManifest.xml:136:13-36
229            android:permission="android.permission.DUMP" >
229-->[androidx.work:work-runtime:2.7.0] AndroidManifest.xml:137:13-57
230            <intent-filter>
230-->[androidx.work:work-runtime:2.7.0] AndroidManifest.xml:139:13-141:29
231                <action android:name="androidx.work.diagnostics.REQUEST_DIAGNOSTICS" />
231-->[androidx.work:work-runtime:2.7.0] AndroidManifest.xml:140:17-88
231-->[androidx.work:work-runtime:2.7.0] AndroidManifest.xml:140:25-85
232            </intent-filter>
233        </receiver>
234
235        <uses-library
235-->[androidx.privacysandbox.ads:ads-adservices:1.0.0-beta05] AndroidManifest.xml:23:9-25:40
236            android:name="android.ext.adservices"
236-->[androidx.privacysandbox.ads:ads-adservices:1.0.0-beta05] AndroidManifest.xml:24:13-50
237            android:required="false" />
237-->[androidx.privacysandbox.ads:ads-adservices:1.0.0-beta05] AndroidManifest.xml:25:13-37
238
239        <service
239-->[androidx.room:room-runtime:2.6.1] AndroidManifest.xml:24:9-28:63
240            android:name="androidx.room.MultiInstanceInvalidationService"
240-->[androidx.room:room-runtime:2.6.1] AndroidManifest.xml:25:13-74
241            android:directBootAware="true"
241-->[androidx.room:room-runtime:2.6.1] AndroidManifest.xml:26:13-43
242            android:exported="false" />
242-->[androidx.room:room-runtime:2.6.1] AndroidManifest.xml:27:13-37
243
244        <receiver
244-->[androidx.profileinstaller:profileinstaller:1.3.1] AndroidManifest.xml:34:9-52:20
245            android:name="androidx.profileinstaller.ProfileInstallReceiver"
245-->[androidx.profileinstaller:profileinstaller:1.3.1] AndroidManifest.xml:35:13-76
246            android:directBootAware="false"
246-->[androidx.profileinstaller:profileinstaller:1.3.1] AndroidManifest.xml:36:13-44
247            android:enabled="true"
247-->[androidx.profileinstaller:profileinstaller:1.3.1] AndroidManifest.xml:37:13-35
248            android:exported="true"
248-->[androidx.profileinstaller:profileinstaller:1.3.1] AndroidManifest.xml:38:13-36
249            android:permission="android.permission.DUMP" >
249-->[androidx.profileinstaller:profileinstaller:1.3.1] AndroidManifest.xml:39:13-57
250            <intent-filter>
250-->[androidx.profileinstaller:profileinstaller:1.3.1] AndroidManifest.xml:40:13-42:29
251                <action android:name="androidx.profileinstaller.action.INSTALL_PROFILE" />
251-->[androidx.profileinstaller:profileinstaller:1.3.1] AndroidManifest.xml:41:17-91
251-->[androidx.profileinstaller:profileinstaller:1.3.1] AndroidManifest.xml:41:25-88
252            </intent-filter>
253            <intent-filter>
253-->[androidx.profileinstaller:profileinstaller:1.3.1] AndroidManifest.xml:43:13-45:29
254                <action android:name="androidx.profileinstaller.action.SKIP_FILE" />
254-->[androidx.profileinstaller:profileinstaller:1.3.1] AndroidManifest.xml:44:17-85
254-->[androidx.profileinstaller:profileinstaller:1.3.1] AndroidManifest.xml:44:25-82
255            </intent-filter>
256            <intent-filter>
256-->[androidx.profileinstaller:profileinstaller:1.3.1] AndroidManifest.xml:46:13-48:29
257                <action android:name="androidx.profileinstaller.action.SAVE_PROFILE" />
257-->[androidx.profileinstaller:profileinstaller:1.3.1] AndroidManifest.xml:47:17-88
257-->[androidx.profileinstaller:profileinstaller:1.3.1] AndroidManifest.xml:47:25-85
258            </intent-filter>
259            <intent-filter>
259-->[androidx.profileinstaller:profileinstaller:1.3.1] AndroidManifest.xml:49:13-51:29
260                <action android:name="androidx.profileinstaller.action.BENCHMARK_OPERATION" />
260-->[androidx.profileinstaller:profileinstaller:1.3.1] AndroidManifest.xml:50:17-95
260-->[androidx.profileinstaller:profileinstaller:1.3.1] AndroidManifest.xml:50:25-92
261            </intent-filter>
262        </receiver>
263    </application>
264
265</manifest>